2020.06.04 14:23:19 INFO  started: Metals version 0.9.0 in workspace '/Users/objektwerks/workspace/akka'
2020.06.04 14:23:19 INFO  time: initialize in 0.4s
2020.06.04 14:23:20 INFO  skipping build import with status 'Requested'
2020.06.04 14:23:22 INFO  running '/Library/Java/JavaVirtualMachines/adoptopenjdk-8.jdk/Contents/Home/bin/java -Djline.terminal=jline.UnsupportedTerminal -Dsbt.log.noformat=true -Dfile.encoding=UTF-8 -jar /var/folders/cd/1wkmn_gn2d164ch7c66b_46h0000gn/T/metals1184044462400673535/sbt-launch.jar -Dbloop.export-jar-classifiers=sources bloopInstall'
2020.06.04 14:23:23 INFO  skipping build import with status 'Started'
2020.06.04 14:23:25 INFO  no build target: using presentation compiler with only scala-library
2020.06.04 14:23:27 INFO  [info] welcome to sbt 1.3.12 (AdoptOpenJDK Java 1.8.0_252)
2020.06.04 14:23:29 INFO  [info] loading global plugins from /Users/objektwerks/.sbt/1.0/plugins
Jun 04, 2020 2:23:31 PM org.eclipse.lsp4j.jsonrpc.RemoteEndpoint handleCancellation
WARNING: Unmatched cancel notification for request id 11
2020.06.04 14:23:34 INFO  [info] loading settings for project akka-build from plugins.sbt,metals.sbt ...
2020.06.04 14:23:34 INFO  [info] loading project definition from /Users/objektwerks/workspace/akka/project
2020.06.04 14:23:36 INFO  [warn] There may be incompatibilities among your library dependencies; run 'evicted' to see detailed eviction warnings.
2020.06.04 14:23:40 INFO  [info] loading settings for project akka from build.sbt ...
2020.06.04 14:23:40 INFO  [info] set current project to akka (in build file:/Users/objektwerks/workspace/akka/)
2020.06.04 14:23:44 INFO  [success] Generated .bloop/akka-test.json
2020.06.04 14:23:44 INFO  [success] Generated .bloop/akka.json
2020.06.04 14:23:44 INFO  [success] Total time: 3 s, completed Jun 4, 2020 2:23:44 PM
2020.06.04 14:23:44 INFO  build tool exit: 0
2020.06.04 14:23:44 INFO  time: ran 'sbt bloopInstall' in 21s
Starting the bsp launcher for bloop...
Opening a bsp server connection with 'bsp --protocol local --socket /var/folders/cd/1wkmn_gn2d164ch7c66b_46h0000gn/T/bsp-launcher2870643466511242186/bsp.socket'...
Waiting for the bsp connection to come up...
[0m[32m[D][0m Loading 2 projects from '/Users/objektwerks/workspace/akka/.bloop'...
[0m[32m[D][0m Loading project from '/Users/objektwerks/workspace/akka/.bloop/akka-test.json'
[0m[32m[D][0m Loading project from '/Users/objektwerks/workspace/akka/.bloop/akka.json'
[0m[32m[D][0m Cache miss for scala instance org.scala-lang:scala-compiler:2.13.1.
[0m[32m[D][0m   => /Users/objektwerks/.ivy2/cache/jline/jline/jars/jline-2.14.6.jar
[0m[32m[D][0m   => /Users/objektwerks/.ivy2/cache/org.fusesource.jansi/jansi/jars/jansi-1.12.jar
[0m[32m[D][0m   => /Users/objektwerks/.ivy2/cache/org.scala-lang/scala-compiler/jars/scala-compiler-2.13.1.jar
[0m[32m[D][0m   => /Users/objektwerks/.ivy2/cache/org.scala-lang/scala-library/jars/scala-library-2.13.1.jar
[0m[32m[D][0m   => /Users/objektwerks/.ivy2/cache/org.scala-lang/scala-reflect/jars/scala-reflect-2.13.1.jar
[0m[32m[D][0m Missing analysis file for project 'akka'
[0m[32m[D][0m Missing analysis file for project 'akka-test'
[0m[32m[D][0m Waiting for a connection at local:///var/folders/cd/1wkmn_gn2d164ch7c66b_46h0000gn/T/bsp-launcher2870643466511242186/bsp.socket...
The server is listening for incoming connections at local:///var/folders/cd/1wkmn_gn2d164ch7c66b_46h0000gn/T/bsp-launcher2870643466511242186/bsp.socket...
Starting thread that pumps stdin and redirects it to the bsp server...
Starting thread that pumps server stdout and redirects it to the client stdout...
2020.06.04 14:23:44 INFO  tracing is disabled for protocol BSP, to enable tracing of incoming and outgoing JSON messages create an empty file at /Users/objektwerks/Library/Caches/org.scalameta.metals/bsp.trace.json
2020.06.04 14:23:44 INFO  time: connected to build server in 0.54s
2020.06.04 14:23:44 INFO  Connected to Build server v1.4.0-RC1-229-b7c15aa9
2020.06.04 14:23:47 INFO  running '/Library/Java/JavaVirtualMachines/adoptopenjdk-8.jdk/Contents/Home/bin/java -Djline.terminal=jline.UnsupportedTerminal -Dsbt.log.noformat=true -Dfile.encoding=UTF-8 -jar /var/folders/cd/1wkmn_gn2d164ch7c66b_46h0000gn/T/metals5674066185180788717/sbt-launch.jar -Dbloop.export-jar-classifiers=sources bloopInstall'
2020.06.04 14:23:52 INFO  time: indexed workspace in 6.99s
2020.06.04 14:23:52 INFO  [info] welcome to sbt 1.3.12 (AdoptOpenJDK Java 1.8.0_252)
2020.06.04 14:23:54 INFO  [info] loading global plugins from /Users/objektwerks/.sbt/1.0/plugins
2020.06.04 14:23:59 INFO  [info] loading settings for project akka-build from plugins.sbt,metals.sbt ...
2020.06.04 14:23:59 INFO  [info] loading project definition from /Users/objektwerks/workspace/akka/project
2020.06.04 14:24:02 INFO  [warn] There may be incompatibilities among your library dependencies; run 'evicted' to see detailed eviction warnings.
2020.06.04 14:24:08 INFO  [info] loading settings for project akka from build.sbt ...
2020.06.04 14:24:08 INFO  skipping build import with status 'Started'
2020.06.04 14:24:08 INFO  [info] set current project to akka (in build file:/Users/objektwerks/workspace/akka/)
2020.06.04 14:24:11 INFO  [success] Generated .bloop/akka.json
2020.06.04 14:24:11 INFO  [success] Generated .bloop/akka-test.json
2020.06.04 14:24:11 INFO  [success] Total time: 2 s, completed Jun 4, 2020 2:24:11 PM
2020.06.04 14:24:11 INFO  build tool exit: 0
2020.06.04 14:24:11 INFO  time: ran 'sbt bloopInstall' in 23s
2020.06.04 14:24:11 INFO  disconnected: build server
No more data in the client stdin, exiting...
No more data in the server stdin, exiting...
No more data in the server stdin, exiting...
Starting the bsp launcher for bloop...
Opening a bsp server connection with 'bsp --protocol local --socket /var/folders/cd/1wkmn_gn2d164ch7c66b_46h0000gn/T/bsp-launcher5505027631462165020/bsp.socket'...
Waiting for the bsp connection to come up...
[0m[32m[D][0m Loading workspace settings from bloop.settings.json
[0m[32m[D][0m Waiting for a connection at local:///var/folders/cd/1wkmn_gn2d164ch7c66b_46h0000gn/T/bsp-launcher5505027631462165020/bsp.socket...
The server is listening for incoming connections at local:///var/folders/cd/1wkmn_gn2d164ch7c66b_46h0000gn/T/bsp-launcher5505027631462165020/bsp.socket...
Starting thread that pumps stdin and redirects it to the bsp server...
Starting thread that pumps server stdout and redirects it to the client stdout...
2020.06.04 14:24:11 INFO  tracing is disabled for protocol BSP, to enable tracing of incoming and outgoing JSON messages create an empty file at /Users/objektwerks/Library/Caches/org.scalameta.metals/bsp.trace.json
2020.06.04 14:24:11 INFO  Connected to Build server v1.4.0-RC1-229-b7c15aa9
2020.06.04 14:24:11 INFO  time: indexed workspace in 0.55s
2020.06.04 14:24:19 INFO  running '/Library/Java/JavaVirtualMachines/adoptopenjdk-8.jdk/Contents/Home/bin/java -Djline.terminal=jline.UnsupportedTerminal -Dsbt.log.noformat=true -Dfile.encoding=UTF-8 -jar /var/folders/cd/1wkmn_gn2d164ch7c66b_46h0000gn/T/metals6193819733353788355/sbt-launch.jar -Dbloop.export-jar-classifiers=sources bloopInstall'
2020.06.04 14:24:22 INFO  [info] welcome to sbt 1.3.12 (AdoptOpenJDK Java 1.8.0_252)
2020.06.04 14:24:24 INFO  [info] loading global plugins from /Users/objektwerks/.sbt/1.0/plugins
2020.06.04 14:24:25 INFO  [info] loading settings for project akka-build from plugins.sbt,metals.sbt ...
2020.06.04 14:24:25 INFO  [info] loading project definition from /Users/objektwerks/workspace/akka/project
2020.06.04 14:24:30 INFO  [info] loading settings for project akka from build.sbt ...
2020.06.04 14:24:30 INFO  [info] set current project to akka (in build file:/Users/objektwerks/workspace/akka/)
2020.06.04 14:24:35 INFO  [info] downloading https://repo1.maven.org/maven2/org/scala-lang/scala-library/2.13.2/scala-library-2.13.2.jar ...
2020.06.04 14:24:35 INFO  [info] downloading https://repo1.maven.org/maven2/com/typesafe/akka/akka-actor_2.13/2.6.5/akka-actor_2.13-2.6.5.jar ...
2020.06.04 14:24:35 INFO  [info] downloading https://repo1.maven.org/maven2/com/typesafe/akka/akka-slf4j_2.13/2.6.5/akka-slf4j_2.13-2.6.5.jar ...
2020.06.04 14:24:35 INFO  [info] downloading https://repo1.maven.org/maven2/org/scala-lang/scala-reflect/2.13.2/scala-reflect-2.13.2.jar ...
2020.06.04 14:24:35 INFO  [info] downloading https://repo1.maven.org/maven2/com/typesafe/akka/akka-persistence_2.13/2.6.5/akka-persistence_2.13-2.6.5.jar ...
2020.06.04 14:24:35 INFO  [info] downloading https://repo1.maven.org/maven2/com/typesafe/akka/akka-testkit_2.13/2.6.5/akka-testkit_2.13-2.6.5.jar ...
2020.06.04 14:24:35 INFO  [info] 	[SUCCESSFUL ] com.typesafe.akka#akka-slf4j_2.13;2.6.5!akka-slf4j_2.13.jar (266ms)
2020.06.04 14:24:35 INFO  [info] downloading https://repo1.maven.org/maven2/com/typesafe/akka/akka-stream_2.13/2.6.5/akka-stream_2.13-2.6.5.jar ...
2020.06.04 14:24:35 INFO  [info] 	[SUCCESSFUL ] com.typesafe.akka#akka-testkit_2.13;2.6.5!akka-testkit_2.13.jar (397ms)
2020.06.04 14:24:35 INFO  [info] downloading https://repo1.maven.org/maven2/com/typesafe/akka/akka-protobuf-v3_2.13/2.6.5/akka-protobuf-v3_2.13-2.6.5.jar ...
2020.06.04 14:24:35 INFO  [info] 	[SUCCESSFUL ] com.typesafe.akka#akka-persistence_2.13;2.6.5!akka-persistence_2.13.jar (504ms)
2020.06.04 14:24:35 INFO  [info] downloading https://repo1.maven.org/maven2/org/scala-lang/scala-compiler/2.13.2/scala-compiler-2.13.2.jar ...
2020.06.04 14:24:35 INFO  [info] 	[SUCCESSFUL ] com.typesafe.akka#akka-actor_2.13;2.6.5!akka-actor_2.13.jar (915ms)
2020.06.04 14:24:35 INFO  [info] downloading https://repo1.maven.org/maven2/org/jline/jline/3.14.1/jline-3.14.1.jar ...
2020.06.04 14:24:35 INFO  [info] 	[SUCCESSFUL ] com.typesafe.akka#akka-protobuf-v3_2.13;2.6.5!akka-protobuf-v3_2.13.jar (480ms)
2020.06.04 14:24:35 INFO  [info] downloading https://repo1.maven.org/maven2/net/java/dev/jna/jna/5.3.1/jna-5.3.1.jar ...
2020.06.04 14:24:36 INFO  [info] 	[SUCCESSFUL ] org.jline#jline;3.14.1!jline.jar (303ms)
2020.06.04 14:24:36 INFO  [info] 	[SUCCESSFUL ] org.scala-lang#scala-reflect;2.13.2!scala-reflect.jar (1252ms)
2020.06.04 14:24:36 INFO  [info] 	[SUCCESSFUL ] net.java.dev.jna#jna;5.3.1!jna.jar (455ms)
2020.06.04 14:24:36 INFO  [info] 	[SUCCESSFUL ] com.typesafe.akka#akka-stream_2.13;2.6.5!akka-stream_2.13.jar (1279ms)
2020.06.04 14:24:36 INFO  [info] 	[SUCCESSFUL ] org.scala-lang#scala-compiler;2.13.2!scala-compiler.jar (1015ms)
2020.06.04 14:24:36 INFO  [info] 	[SUCCESSFUL ] org.scala-lang#scala-library;2.13.2!scala-library.jar (2104ms)
2020.06.04 14:24:38 INFO  [info] downloading https://repo1.maven.org/maven2/org/scala-lang/scala-library/2.13.2/scala-library-2.13.2-sources.jar ...
2020.06.04 14:24:38 INFO  [info] downloading https://repo1.maven.org/maven2/org/scala-lang/scala-reflect/2.13.2/scala-reflect-2.13.2-sources.jar ...
2020.06.04 14:24:38 INFO  [info] downloading https://repo1.maven.org/maven2/com/typesafe/akka/akka-actor_2.13/2.6.5/akka-actor_2.13-2.6.5-sources.jar ...
2020.06.04 14:24:38 INFO  [info] downloading https://repo1.maven.org/maven2/com/typesafe/akka/akka-protobuf-v3_2.13/2.6.5/akka-protobuf-v3_2.13-2.6.5-sources.jar ...
2020.06.04 14:24:38 INFO  [info] downloading https://repo1.maven.org/maven2/com/typesafe/akka/akka-slf4j_2.13/2.6.5/akka-slf4j_2.13-2.6.5-sources.jar ...
2020.06.04 14:24:38 INFO  [info] downloading https://repo1.maven.org/maven2/com/typesafe/akka/akka-testkit_2.13/2.6.5/akka-testkit_2.13-2.6.5-sources.jar ...
2020.06.04 14:24:38 INFO  [info] 	[SUCCESSFUL ] com.typesafe.akka#akka-slf4j_2.13;2.6.5!akka-slf4j_2.13.jar(src) (196ms)
2020.06.04 14:24:38 INFO  [info] 	[SUCCESSFUL ] com.typesafe.akka#akka-protobuf-v3_2.13;2.6.5!akka-protobuf-v3_2.13.jar(src) (200ms)
2020.06.04 14:24:38 INFO  [info] downloading https://repo1.maven.org/maven2/com/typesafe/akka/akka-persistence_2.13/2.6.5/akka-persistence_2.13-2.6.5-sources.jar ...
2020.06.04 14:24:38 INFO  [info] downloading https://repo1.maven.org/maven2/com/typesafe/akka/akka-stream_2.13/2.6.5/akka-stream_2.13-2.6.5-sources.jar ...
2020.06.04 14:24:38 INFO  [info] 	[SUCCESSFUL ] org.scala-lang#scala-library;2.13.2!scala-library.jar(src) (250ms)
2020.06.04 14:24:38 INFO  [info] 	[SUCCESSFUL ] com.typesafe.akka#akka-actor_2.13;2.6.5!akka-actor_2.13.jar(src) (268ms)
2020.06.04 14:24:38 INFO  [info] 	[SUCCESSFUL ] org.scala-lang#scala-reflect;2.13.2!scala-reflect.jar(src) (278ms)
2020.06.04 14:24:38 INFO  [info] downloading https://repo1.maven.org/maven2/org/jline/jline/3.14.1/jline-3.14.1-sources.jar ...
2020.06.04 14:24:38 INFO  [info] downloading https://repo1.maven.org/maven2/net/java/dev/jna/jna/5.3.1/jna-5.3.1-sources.jar ...
2020.06.04 14:24:38 INFO  [info] downloading https://repo1.maven.org/maven2/org/scala-lang/scala-compiler/2.13.2/scala-compiler-2.13.2-sources.jar ...
2020.06.04 14:24:38 INFO  [info] 	[SUCCESSFUL ] com.typesafe.akka#akka-testkit_2.13;2.6.5!akka-testkit_2.13.jar(src) (341ms)
2020.06.04 14:24:38 INFO  [info] 	[SUCCESSFUL ] com.typesafe.akka#akka-persistence_2.13;2.6.5!akka-persistence_2.13.jar(src) (185ms)
2020.06.04 14:24:38 INFO  [info] 	[SUCCESSFUL ] net.java.dev.jna#jna;5.3.1!jna.jar(src) (194ms)
2020.06.04 14:24:38 INFO  [info] 	[SUCCESSFUL ] org.jline#jline;3.14.1!jline.jar(src) (212ms)
2020.06.04 14:24:38 INFO  [info] 	[SUCCESSFUL ] com.typesafe.akka#akka-stream_2.13;2.6.5!akka-stream_2.13.jar(src) (250ms)
2020.06.04 14:24:38 INFO  [info] 	[SUCCESSFUL ] org.scala-lang#scala-compiler;2.13.2!scala-compiler.jar(src) (368ms)
2020.06.04 14:24:38 INFO  [success] Generated .bloop/akka-test.json
2020.06.04 14:24:38 INFO  [success] Generated .bloop/akka.json
2020.06.04 14:24:38 INFO  [success] Total time: 8 s, completed Jun 4, 2020 2:24:39 PM
2020.06.04 14:24:39 INFO  build tool exit: 0
2020.06.04 14:24:39 INFO  time: ran 'sbt bloopInstall' in 20s
2020.06.04 14:24:39 INFO  disconnected: build server
No more data in the client stdin, exiting...
Starting the bsp launcher for bloop...
Opening a bsp server connection with 'bsp --protocol local --socket /var/folders/cd/1wkmn_gn2d164ch7c66b_46h0000gn/T/bsp-launcher2578754926217877051/bsp.socket'...
Waiting for the bsp connection to come up...
2020.06.04 14:24:39 INFO  tracing is disabled for protocol BSP, to enable tracing of incoming and outgoing JSON messages create an empty file at /Users/objektwerks/Library/Caches/org.scalameta.metals/bsp.trace.json
2020.06.04 14:24:39 INFO  Connected to Build server v1.4.0-RC1-229-b7c15aa9
2020.06.04 14:24:40 INFO  time: indexed workspace in 1.09s
